<?xml version="1.0" encoding="UTF-8"?>
<!-- Generated by org.testng.reporters.JUnitReportReporter -->
<testsuite hostname="DESKTOP-QPFEMJR" failures="0" tests="2" name="testcases.OpenAccountTest" time="0.771" errors="0" timestamp="25 Dec 2020 07:04:19 GMT" skipped="0">
  <testcase classname="testcases.OpenAccountTest" name="openAccountTest" time="0.560"/>
  <testcase classname="testcases.OpenAccountTest" name="openAccountTest" time="0.211"/>
</testsuite> <!-- testcases.OpenAccountTest -->
