<?xml version="1.0" encoding="UTF-8"?>
<!-- Generated by org.testng.reporters.JUnitReportReporter -->
<testsuite hostname="DESKTOP-QPFEMJR" failures="0" tests="5" name="testcases.AddCostemerTest" time="1.073" errors="0" timestamp="25 Dec 2020 07:04:19 GMT" skipped="2">
  <testcase classname="testcases.AddCostemerTest" name="addCostemerTest" time="0.213"/>
  <testcase classname="testcases.AddCostemerTest" name="addCostemerTest" time="0.284"/>
  <testcase classname="testcases.AddCostemerTest" name="addCostemerTest" time="0.001">
    <skipped/>
  </testcase> <!-- addCostemerTest -->
  <testcase classname="testcases.AddCostemerTest" name="addCostemerTest" time="0.001">
    <skipped/>
  </testcase> <!-- addCostemerTest -->
  <testcase classname="testcases.AddCostemerTest" name="addCostemerTest" time="0.574"/>
</testsuite> <!-- testcases.AddCostemerTest -->
